SMTP Debug [2]: SERVER -> CLIENT: 220 mailhog.example ESMTP MailHog

SMTP Debug [1]: CLIENT -> SERVER: EHLO localhost

SMTP Debug [2]: SERVER -> CLIENT: 250-Hello localhost
250-PIPELINING
250 AUTH PLAIN

SMTP Debug [1]: CLIENT -> SERVER: MAIL FROM:<noreply@magicsole.com>

SMTP Debug [2]: SERVER -> CLIENT: 250 Sender noreply@magicsole.com ok

SMTP Debug [1]: CLIENT -> SERVER: RCPT TO:<client@example.com>

SMTP Debug [2]: SERVER -> CLIENT: 250 Recipient client@example.com ok

SMTP Debug [1]: CLIENT -> SERVER: DATA

SMTP Debug [2]: SERVER -> CLIENT: 354 End data with <CR><LF>.<CR><LF>

SMTP Debug [1]: CLIENT -> SERVER: Date: Tue, 29 Apr 2025 17:36:30 +0200

SMTP Debug [1]: CLIENT -> SERVER: To: client@example.com

SMTP Debug [1]: CLIENT -> SERVER: From: Magic Sole <noreply@magicsole.com>

SMTP Debug [1]: CLIENT -> SERVER: Subject: Test OTP Email

SMTP Debug [1]: CLIENT -> SERVER: Message-ID: <BaRDCTzKFwcb0QlhqOM8PcVCfip4xraiYPlJq6A@localhost>

SMTP Debug [1]: CLIENT -> SERVER: X-Mailer: PHPMailer 6.10.0 (https://github.com/PHPMailer/PHPMailer)

SMTP Debug [1]: CLIENT -> SERVER: MIME-Version: 1.0

SMTP Debug [1]: CLIENT -> SERVER: Content-Type: text/html; charset=iso-8859-1

SMTP Debug [1]: CLIENT -> SERVER: 

SMTP Debug [1]: CLIENT -> SERVER: This is a test OTP email.

SMTP Debug [1]: CLIENT -> SERVER: 

SMTP Debug [1]: CLIENT -> SERVER: .

SMTP Debug [2]: SERVER -> CLIENT: 250 Ok: queued as LvZ1Hz-VtNyaDEbKdGjdHeTAeGMSny6pcKZsWzsIEjI=@mailhog.example

SMTP Debug [1]: CLIENT -> SERVER: QUIT

SMTP Debug [2]: SERVER -> CLIENT: 221 Bye

