Env file exists: No
GMAIL_USERNAME: joeyayoubdisalvo@gmail.com
GMAIL_APP_PASSWORD: ijcbgdekkqiokahg
Env file exists: No
GMAIL_USERNAME: joeyayoubdisalvo@gmail.com
GMAIL_APP_PASSWORD: ijcbgdekkqiokahg
Env file exists: No
GMAIL_USERNAME: joeyayoubdisalvo@gmail.com
GMAIL_APP_PASSWORD: ijcbgdekkqiokahg
POST data: Array
(
    [email] => kishaan2006@gmail.com
    [password] => 123
)

Env file exists: No
GMAIL_USERNAME: joeyayoubdisalvo@gmail.com
GMAIL_APP_PASSWORD: ijcbgdekkqiokahg
Env file exists: No
GMAIL_USERNAME: joeyayoubdisalvo@gmail.com
GMAIL_APP_PASSWORD: ijcbgdekkqiokahg
Env file exists: No
GMAIL_USERNAME: joeyayoubdisalvo@gmail.com
GMAIL_APP_PASSWORD: ijcbgdekkqiokahg
POST data: Array
(
    [email] => kishaan2006@gmail.com
    [password] => 123
)

Env file exists: No
GMAIL_USERNAME: joeyayoubdisalvo@gmail.com
GMAIL_APP_PASSWORD: ijcbgdekkqiokahg
Env file exists: No
GMAIL_USERNAME: joeyayoubdisalvo@gmail.com
GMAIL_APP_PASSWORD: ijcbgdekkqiokahg
Env file exists: No
GMAIL_USERNAME: joeyayoubdisalvo@gmail.com
GMAIL_APP_PASSWORD: ijcbgdekkqiokahg
POST data: Array
(
    [email] => kishaan2006@gmail.com
    [password] => 123
)

Error: Invalid email or password
Env file exists: No
GMAIL_USERNAME: joeyayoubdisalvo@gmail.com
GMAIL_APP_PASSWORD: ijcbgdekkqiokahg
POST data: Array
(
    [email] => kishaan2006@gmail.com
    [password] => 123
)

Error: Invalid email or password
Env file exists: No
GMAIL_USERNAME: joeyayoubdisalvo@gmail.com
GMAIL_APP_PASSWORD: ijcbgdekkqiokahg
POST data: Array
(
    [email] => joeyayoubdisalvo@gmail.com
    [password] => admin123
)

Error: Invalid email or password
Env file exists: No
GMAIL_USERNAME: joeyayoubdisalvo@gmail.com
GMAIL_APP_PASSWORD: ijcbgdekkqiokahg
POST data: Array
(
    [email] => joeyayoubdisalvo@gmail.com
    [password] => admin123
)

Error: Invalid email or password
Env file exists: No
GMAIL_USERNAME: joeyayoubdisalvo@gmail.com
GMAIL_APP_PASSWORD: ijcbgdekkqiokahg
POST data: Array
(
    [email] => kishaan2006@gmail.com
    [password] => 123
)

Error: Invalid email or password
Env file exists: No
GMAIL_USERNAME: joeyayoubdisalvo@gmail.com
GMAIL_APP_PASSWORD: ijcbgdekkqiokahg
POST data: Array
(
    [email] => kishaan2006@gmail.com
    [password] => 123
)

Error: Invalid email or password
Env file exists: No
GMAIL_USERNAME: joeyayoubdisalvo@gmail.com
GMAIL_APP_PASSWORD: ijcbgdekkqiokahg
POST data: Array
(
    [email] => kishaan2006@gmail.com
    [password] => 123
)

Error: Invalid email or password
Env file exists: No
GMAIL_USERNAME: joeyayoubdisalvo@gmail.com
GMAIL_APP_PASSWORD: ijcbgdekkqiokahg
POST data: Array
(
    [email] => kishaan2006@gmail.com
    [password] => 123
)

Error: Invalid email or password
Env file exists: No
GMAIL_USERNAME: joeyayoubdisalvo@gmail.com
GMAIL_APP_PASSWORD: ijcbgdekkqiokahg
POST data: Array
(
    [email] => kishaan2006@gmail.com
    [password] => 123
)

Error: Invalid email or password
Env file exists: No
GMAIL_USERNAME: joeyayoubdisalvo@gmail.com
GMAIL_APP_PASSWORD: ijcbgdekkqiokahg
POST data: Array
(
    [email] => kishaan2006@gmail.com
    [password] => 123
)

Error: Invalid email or password
Env file exists: No
GMAIL_USERNAME: joeyayoubdisalvo@gmail.com
GMAIL_APP_PASSWORD: ijcbgdekkqiokahg
POST data: Array
(
    [email] => kishaan2006@gmail.com
    [password] => 123
)

Error: Invalid email or password
Env file exists: No
GMAIL_USERNAME: joeyayoubdisalvo@gmail.com
GMAIL_APP_PASSWORD: ijcbgdekkqiokahg
POST data: Array
(
    [email] => kishaan2006@gmail.com
    [password] => 123
)

Error: Invalid email or password
Env file exists: No
GMAIL_USERNAME: joeyayoubdisalvo@gmail.com
GMAIL_APP_PASSWORD: ijcbgdekkqiokahg
POST data: Array
(
    [email] => kishaan2006@gmail.com
    [password] => 123
)

Error: Invalid email or password
Env file exists: No
GMAIL_USERNAME: joeyayoubdisalvo@gmail.com
GMAIL_APP_PASSWORD: ijcbgdekkqiokahg
POST data: Array
(
    [email] => kishaan2006@gmail.com
    [password] => 123
)

Error: Invalid email or password
Env file exists: No
GMAIL_USERNAME: joeyayoubdisalvo@gmail.com
GMAIL_APP_PASSWORD: ijcbgdekkqiokahg
POST data: Array
(
    [email] => kishaan2006@gmail.com
    [password] => 123
)

Error: Invalid email or password
Env file exists: No
GMAIL_USERNAME: joeyayoubdisalvo@gmail.com
GMAIL_APP_PASSWORD: ijcbgdekkqiokahg
POST data: Array
(
    [email] => kishaan2006@gmail.com
    [password] => 123
)

Error: Invalid email or password
Env file exists: No
GMAIL_USERNAME: joeyayoubdisalvo@gmail.com
GMAIL_APP_PASSWORD: ijcbgdekkqiokahg
POST data: Array
(
    [email] => kishaan2006@gmail.com
    [password] => "123"
)

Error: Invalid email or password
Env file exists: No
GMAIL_USERNAME: joeyayoubdisalvo@gmail.com
GMAIL_APP_PASSWORD: ijcbgdekkqiokahg
POST data: Array
(
    [email] => kishaan2006@gmail.com
    [password] => "123"
)

Error: Invalid email or password
Env file exists: No
GMAIL_USERNAME: joeyayoubdisalvo@gmail.com
GMAIL_APP_PASSWORD: ijcbgdekkqiokahg
POST data: Array
(
    [email] => kishaan2006@gmail.com
    [password] => "123"
)

Error: Invalid email or password
Env file exists: No
GMAIL_USERNAME: joeyayoubdisalvo@gmail.com
GMAIL_APP_PASSWORD: ijcbgdekkqiokahg
POST data: Array
(
    [email] => kishaan2006@gmail.com
    [password] => "123"
)

Error: Invalid email or password
Env file exists: No
GMAIL_USERNAME: joeyayoubdisalvo@gmail.com
GMAIL_APP_PASSWORD: ijcbgdekkqiokahg
Env file exists: No
GMAIL_USERNAME: joeyayoubdisalvo@gmail.com
GMAIL_APP_PASSWORD: ijcbgdekkqiokahg
Env file exists: No
GMAIL_USERNAME: joeyayoubdisalvo@gmail.com
GMAIL_APP_PASSWORD: ijcbgdekkqiokahg
POST data: Array
(
    [email] => kishaan2006@gmail.com
    [password] => 123
)

Error: Invalid email or password
Env file exists: No
GMAIL_USERNAME: joeyayoubdisalvo@gmail.com
GMAIL_APP_PASSWORD: ijcbgdekkqiokahg
POST data: Array
(
    [email] => kishaan2006@gmail.com
    [password] => 123
)

Error: Invalid email or password
Env file exists: No
GMAIL_USERNAME: joeyayoubdisalvo@gmail.com
GMAIL_APP_PASSWORD: ijcbgdekkqiokahg
POST data: Array
(
    [email] => kishaan2006@gmail.com
    [password] => 123
)

Error: Invalid email or password
Env file exists: No
GMAIL_USERNAME: joeyayoubdisalvo@gmail.com
GMAIL_APP_PASSWORD: ijcbgdekkqiokahg
POST data: Array
(
    [email] => kishaan2006@gmail.com
    [password] => 123
)

Error: Invalid email or password
Env file exists: No
GMAIL_USERNAME: joeyayoubdisalvo@gmail.com
GMAIL_APP_PASSWORD: ijcbgdekkqiokahg
POST data: Array
(
    [email] => kishaan2006@gmail.com
    [password] => 123
)

Error: Invalid email or password
Env file exists: No
GMAIL_USERNAME: joeyayoubdisalvo@gmail.com
GMAIL_APP_PASSWORD: ijcbgdekkqiokahg
POST data: Array
(
    [email] => joeyayoubdisalvo@gmail.com
    [password] => ijcbgdekkqiokahg
)

Error: Invalid email or password
Env file exists: No
GMAIL_USERNAME: joeyayoubdisalvo@gmail.com
GMAIL_APP_PASSWORD: ijcbgdekkqiokahg
POST data: Array
(
    [email] => joeyayoubdisalvo@gmail.com
    [password] => ijcbgdekkqiokahg
)

Error: Invalid email or password
Env file exists: No
GMAIL_USERNAME: joeyayoubdisalvo@gmail.com
GMAIL_APP_PASSWORD: ijcbgdekkqiokahg
POST data: Array
(
    [email] => admin@magicsole.com
    [password] => admin123
)

Error: Invalid email or password
Env file exists: No
GMAIL_USERNAME: joeyayoubdisalvo@gmail.com
GMAIL_APP_PASSWORD: ijcbgdekkqiokahg
POST data: Array
(
    [email] => admin@magicsole.com
    [password] => admin123
)

Error: Invalid email or password
Env file exists: No
GMAIL_USERNAME: joeyayoubdisalvo@gmail.com
GMAIL_APP_PASSWORD: ijcbgdekkqiokahg
POST data: Array
(
    [email] => client@example.com
    [password] => client123
)

Error: Invalid email or password
Env file exists: No
GMAIL_USERNAME: joeyayoubdisalvo@gmail.com
GMAIL_APP_PASSWORD: ijcbgdekkqiokahg
POST data: Array
(
    [email] => client@example.com
    [password] => client123
)

Error: Invalid email or password
Env file exists: No
GMAIL_USERNAME: joeyayoubdisalvo@gmail.com
GMAIL_APP_PASSWORD: ijcbgdekkqiokahg
POST data: Array
(
    [email] => joey.ayoubdisalvo@icloud.com
    [password] => Admin123
)

OTP generated: 878388 for email: joey.ayoubdisalvo@icloud.com
Email sent successfully to joey.ayoubdisalvo@icloud.com
Env file exists: No
GMAIL_USERNAME: joeyayoubdisalvo@gmail.com
GMAIL_APP_PASSWORD: ijcbgdekkqiokahg
